[12:43:28] [ServerMain/INFO]: Building unoptimized datafixer
[12:43:29] [ServerMain/INFO]: Environment: authHost='https://authserver.mojang.com', accountsHost='https://api.mojang.com', sessionHost='https://sessionserver.mojang.com', servicesHost='https://api.minecraftservices.com', name='PROD'
[12:43:29] [ServerMain/INFO]: Loaded 7 recipes
[12:43:30] [Server thread/INFO]: Starting minecraft server version 1.19.3
[12:43:30] [Server thread/WARN]: ****************************
[12:43:30] [Server thread/WARN]: YOU ARE RUNNING THIS SERVER AS AN ADMINISTRATIVE OR ROOT USER. THIS IS NOT ADVISED.
[12:43:30] [Server thread/WARN]: YOU ARE OPENING YOURSELF UP TO POTENTIAL RISKS WHEN DOING THIS.
[12:43:30] [Server thread/WARN]: FOR MORE INFORMATION, SEE https://madelinemiller.dev/blog/root-minecraft-server/
[12:43:30] [Server thread/WARN]: ****************************
[12:43:30] [Server thread/INFO]: Loading properties
[12:43:30] [Server thread/INFO]: This server is running Paper version git-Paper-366 (MC: 1.19.3) (Implementing API version 1.19.3-R0.1-SNAPSHOT) (Git: 8d7d927)
[12:43:30] [Server thread/INFO]: Server Ping Player Sample Count: 12
[12:43:30] [Server thread/INFO]: Using 4 threads for Netty based IO
[12:43:30] [Server thread/INFO]: [ChunkTaskScheduler] Chunk system is using 1 I/O threads, 1 worker threads, and gen parallelism of 1 threads
[12:43:30] [Server thread/INFO]: Default game type: SURVIVAL
[12:43:30] [Server thread/INFO]: Generating keypair
[12:43:30] [Server thread/INFO]: Starting Minecraft server on *:25565
[12:43:30] [Server thread/INFO]: Using epoll channel type
[12:43:30] [Server thread/INFO]: Paper: Using libdeflate (Linux aarch64) compression from Velocity.
[12:43:30] [Server thread/INFO]: Paper: Using OpenSSL (Linux aarch64) cipher from Velocity.
[12:43:30] [Server thread/INFO]: Server permissions file permissions.yml is empty, ignoring it
[12:43:30] [Server thread/WARN]: **** SERVER IS RUNNING IN OFFLINE/INSECURE MODE!
[12:43:30] [Server thread/WARN]: The server will make no attempt to authenticate usernames. Beware.
[12:43:30] [Server thread/WARN]: While this makes the game possible to play without internet access, it also opens up the ability for hackers to connect with any username they choose.
[12:43:30] [Server thread/WARN]: To change this, set "online-mode" to "true" in the server.properties file.
[12:43:30] [Server thread/INFO]: Preparing level "world"
[12:43:31] [Server thread/INFO]: Preparing start region for dimension minecraft:overworld
[12:43:31] [Server thread/INFO]: Time elapsed: 130 ms
[12:43:31] [Server thread/INFO]: Preparing start region for dimension minecraft:the_nether
[12:43:31] [Server thread/INFO]: Time elapsed: 30 ms
[12:43:31] [Server thread/INFO]: Preparing start region for dimension minecraft:the_end
[12:43:31] [Server thread/INFO]: Time elapsed: 23 ms
[12:43:31] [Server thread/INFO]: Running delayed init tasks
[12:43:31] [Server thread/INFO]: Done (1.144s)! For help, type "help"
[12:43:31] [Server thread/INFO]: Timings Reset
[12:45:55] [User Authenticator #0/INFO]: UUID of player NEGUDUBECU is 20cdc287-997d-350e-9926-f491f18c44e1
[12:45:55] [Server thread/INFO]: NEGUDUBECU joined the game
[12:45:55] [Server thread/INFO]: NEGUDUBECU[/172.18.0.1:58278] logged in with entity id 97 at ([world]-23.5, 65.0, 292.5)
[12:46:37] [Server thread/INFO]: NEGUDUBECU has made the advancement [Monster Hunter]
[12:47:02] [Server thread/INFO]: NEGUDUBECU lost connection: Disconnected
[12:47:02] [Server thread/INFO]: NEGUDUBECU left the game
